<?xml version="1.0" encoding="UTF-8"?>
<!-- Generated by org.testng.reporters.JUnitReportReporter -->
<testsuite hostname="BEAVERG" failures="0" tests="11" name="test.VirtKeyTests" time="48.465" errors="0" timestamp="2023-04-05T02:13:34 MSK" skipped="0">
  <testcase classname="test.VirtKeyTests" name="t05_writeTextWithShiftInEnglish" time="3.130"/>
  <system-out/>
  <testcase classname="test.VirtKeyTests" name="t07_writeTextWithoutShiftInRussian" time="4.395"/>
  <system-out/>
  <testcase classname="test.VirtKeyTests" name="t11_writeAgileManifesto" time="13.321"/>
  <system-out/>
  <testcase classname="test.VirtKeyTests" name="t09_writeTextWithAndWithoutShiftInRussian" time="4.731"/>
  <system-out/>
  <testcase classname="test.VirtKeyTests" name="t03_maximizeOutputTextarea" time="1.682"/>
  <system-out/>
  <testcase classname="test.VirtKeyTests" name="t04_writeTextWithoutShiftInEnglish" time="3.252"/>
  <system-out/>
  <testcase classname="test.VirtKeyTests" name="t06_writeTextWithAndWithoutShiftInEnglish" time="3.927"/>
  <system-out/>
  <testcase classname="test.VirtKeyTests" name="t01_openKeyboardPage" time="2.048"/>
  <system-out/>
  <testcase classname="test.VirtKeyTests" name="t02_showKeyboard" time="1.637"/>
  <system-out/>
  <testcase classname="test.VirtKeyTests" name="t08_writeTextWithShiftInRussian" time="4.530"/>
  <system-out/>
  <testcase classname="test.VirtKeyTests" name="t10_writeTextWithAndWithoutShiftInRussianAndEnglish" time="5.812"/>
  <system-out/>
</testsuite> <!-- test.VirtKeyTests -->
