<?xml version="1.0" encoding="UTF-8"?>
<!-- Generated by org.testng.reporters.JUnitReportReporter -->
<testsuite hostname="BEAVERG" failures="0" tests="13" name="test.VirtKeyTests" time="58.790" errors="0" timestamp="2023-04-06T04:42:19 MSK" skipped="0">
  <testcase classname="test.VirtKeyTests" name="t03_maximizeOutputTextarea" time="1.852"/>
  <system-out/>
  <testcase classname="test.VirtKeyTests" name="t10_writeTextWithAndWithoutShiftInRussianAndEnglish" time="5.491"/>
  <system-out/>
  <testcase classname="test.VirtKeyTests" name="t09_writeTextWithAndWithoutShiftInRussian" time="4.945"/>
  <system-out/>
  <testcase classname="test.VirtKeyTests" name="t11_writeAgileManifesto" time="13.597"/>
  <system-out/>
  <testcase classname="test.VirtKeyTests" name="t12_writeTextWithArrows" time="5.219"/>
  <system-out/>
  <testcase classname="test.VirtKeyTests" name="t08_writeTextWithShiftInRussian" time="4.804"/>
  <system-out/>
  <testcase classname="test.VirtKeyTests" name="t02_showKeyboard" time="1.976"/>
  <system-out/>
  <testcase classname="test.VirtKeyTests" name="t07_writeTextWithoutShiftInRussian" time="5.174"/>
  <system-out/>
  <testcase classname="test.VirtKeyTests" name="t13_writeTextWithBackspace" time="4.523"/>
  <system-out/>
  <testcase classname="test.VirtKeyTests" name="t04_writeTextWithoutShiftInEnglish" time="2.808"/>
  <system-out/>
  <testcase classname="test.VirtKeyTests" name="t06_writeTextWithAndWithoutShiftInEnglish" time="3.310"/>
  <system-out/>
  <testcase classname="test.VirtKeyTests" name="t05_writeTextWithShiftInEnglish" time="3.754"/>
  <system-out/>
  <testcase classname="test.VirtKeyTests" name="t01_openKeyboardPage" time="1.337"/>
  <system-out/>
</testsuite> <!-- test.VirtKeyTests -->
