<?xml version="1.0" encoding="UTF-8"?>
<!-- Generated by org.testng.reporters.JUnitReportReporter -->
<testsuite hostname="BEAVERG" failures="0" tests="1" name="test.VirtKeyTests" time="2.087" errors="0" timestamp="2023-04-04T02:02:15 MSK" skipped="0">
  <testcase classname="test.VirtKeyTests" name="openVirtualKeyboardPage" time="2.087"/>
  <system-out/>
</testsuite> <!-- test.VirtKeyTests -->
