<?xml version="1.0" encoding="UTF-8"?>
<!-- Generated by org.testng.reporters.JUnitReportReporter -->
<testsuite hostname="BEAVERG" failures="0" tests="5" name="test.VirtKeyTests" time="21.432" errors="0" timestamp="2023-04-04T18:55:26 MSK" skipped="0">
  <testcase classname="test.VirtKeyTests" name="t3_writeTextWithTheVirtualKeyboardOnlyWithoutShift" time="8.257"/>
  <system-out/>
  <testcase classname="test.VirtKeyTests" name="t4_writeTextWithTheVirtualKeyboardOnlyWithShift" time="5.113"/>
  <system-out/>
  <testcase classname="test.VirtKeyTests" name="t5_writeTextWithTheVirtualKeyboardWithAndWithoutShift" time="6.129"/>
  <system-out/>
  <testcase classname="test.VirtKeyTests" name="t1_openVirtualKeyboardPage" time="1.357"/>
  <system-out/>
  <testcase classname="test.VirtKeyTests" name="t2_showVirtualKeyboardOnThePage" time="0.576"/>
  <system-out/>
</testsuite> <!-- test.VirtKeyTests -->
