<?xml version="1.0" encoding="UTF-8"?>
<!-- Generated by org.testng.reporters.JUnitReportReporter -->
<testsuite hostname="BEAVERG" failures="0" tests="2" name="test.VirtKeyTests" time="3.451" errors="0" timestamp="2023-04-04T02:26:59 MSK" skipped="0">
  <testcase classname="test.VirtKeyTests" name="showVirtualKeyboardOnThePage" time="2.050"/>
  <system-out/>
  <testcase classname="test.VirtKeyTests" name="openVirtualKeyboardPage" time="1.401"/>
  <system-out/>
</testsuite> <!-- test.VirtKeyTests -->
