<?xml version="1.0" encoding="UTF-8"?>
<!-- Generated by org.testng.reporters.JUnitReportReporter -->
<testsuite hostname="BEAVERG" failures="0" tests="11" name="test.VirtKeyTests" time="50.034" errors="0" timestamp="2023-04-05T02:40:50 MSK" skipped="0">
  <testcase classname="test.VirtKeyTests" name="t06_writeTextWithAndWithoutShiftInEnglish" time="3.982"/>
  <system-out/>
  <testcase classname="test.VirtKeyTests" name="t11_writeAgileManifesto" time="13.115"/>
  <system-out/>
  <testcase classname="test.VirtKeyTests" name="t01_openKeyboardPage" time="1.602"/>
  <system-out/>
  <testcase classname="test.VirtKeyTests" name="t07_writeTextWithoutShiftInRussian" time="4.783"/>
  <system-out/>
  <testcase classname="test.VirtKeyTests" name="t02_showKeyboard" time="2.474"/>
  <system-out/>
  <testcase classname="test.VirtKeyTests" name="t10_writeTextWithAndWithoutShiftInRussianAndEnglish" time="5.253"/>
  <system-out/>
  <testcase classname="test.VirtKeyTests" name="t03_maximizeOutputTextarea" time="1.602"/>
  <system-out/>
  <testcase classname="test.VirtKeyTests" name="t09_writeTextWithAndWithoutShiftInRussian" time="5.182"/>
  <system-out/>
  <testcase classname="test.VirtKeyTests" name="t04_writeTextWithoutShiftInEnglish" time="3.149"/>
  <system-out/>
  <testcase classname="test.VirtKeyTests" name="t08_writeTextWithShiftInRussian" time="5.073"/>
  <system-out/>
  <testcase classname="test.VirtKeyTests" name="t05_writeTextWithShiftInEnglish" time="3.819"/>
  <system-out/>
</testsuite> <!-- test.VirtKeyTests -->
