<?xml version="1.0" encoding="UTF-8"?>
<!-- Generated by org.testng.reporters.JUnitReportReporter -->
<testsuite hostname="BEAVERG" failures="0" tests="4" name="test.VirtKeyTests" time="9.590" errors="0" timestamp="2023-04-04T16:23:41 MSK" skipped="0">
  <testcase classname="test.VirtKeyTests" name="writeTextWithTheVirtualKeyboardWithoutShift" time="2.612"/>
  <system-out/>
  <testcase classname="test.VirtKeyTests" name="showVirtualKeyboardOnThePage" time="2.010"/>
  <system-out/>
  <testcase classname="test.VirtKeyTests" name="writeTextWithTheVirtualKeyboardWithShift" time="3.637"/>
  <system-out/>
  <testcase classname="test.VirtKeyTests" name="openVirtualKeyboardPage" time="1.331"/>
  <system-out/>
</testsuite> <!-- test.VirtKeyTests -->
