<?xml version="1.0" encoding="UTF-8"?>
<!-- Generated by org.testng.reporters.JUnitReportReporter -->
<testsuite hostname="BEAVERG" failures="0" tests="5" name="test.VirtKeyTests" time="12.829" errors="0" timestamp="2023-04-04T22:38:34 MSK" skipped="0">
  <testcase classname="test.VirtKeyTests" name="t1_openVirtualKeyboardPage" time="2.217"/>
  <system-out/>
  <testcase classname="test.VirtKeyTests" name="t5_writeTextWithTheVirtualKeyboardWithAndWithoutShift" time="3.415"/>
  <system-out/>
  <testcase classname="test.VirtKeyTests" name="t4_writeTextWithTheVirtualKeyboardOnlyWithShift" time="3.026"/>
  <system-out/>
  <testcase classname="test.VirtKeyTests" name="t3_writeTextWithTheVirtualKeyboardOnlyWithoutShift" time="2.730"/>
  <system-out/>
  <testcase classname="test.VirtKeyTests" name="t2_showVirtualKeyboardOnThePage" time="1.441"/>
  <system-out/>
</testsuite> <!-- test.VirtKeyTests -->
